<?xml version="1.0" encoding="UTF-8"?>
<testsuite xmlns:xsi="http://www.w3.org/2001/XMLSchema-instance" xsi:noNamespaceSchemaLocation="https://maven.apache.org/surefire/maven-surefire-plugin/xsd/surefire-test-report-3.0.xsd" version="3.0" name="com.sei.gamerknew.GamerknewApplicationTests" time="10.572" tests="1" errors="0" skipped="0" failures="0">
  <properties>
    <property name="gopherProxySet" value="false"/>
    <property name="awt.toolkit" value="sun.lwawt.macosx.LWCToolkit"/>
    <property name="file.encoding.pkg" value="sun.io"/>
    <property name="java.specification.version" value="1.8"/>
    <property name="sun.cpu.isalist" value=""/>
    <property name="sun.jnu.encoding" value="UTF-8"/>
    <property name="java.class.path" value="/Users/makoto.choel/IdeaProjects/gamerknew/target/test-classes:/Users/makoto.choel/IdeaProjects/gamerknew/target/classes:/Users/makoto.choel/.m2/repository/org/springframework/boot/spring-boot-devtools/2.6.13/spring-boot-devtools-2.6.13.jar:/Users/makoto.choel/.m2/repository/org/springframework/boot/spring-boot/2.6.13/spring-boot-2.6.13.jar:/Users/makoto.choel/.m2/repository/org/springframework/spring-context/5.3.23/spring-context-5.3.23.jar:/Users/makoto.choel/.m2/repository/org/springframework/boot/spring-boot-autoconfigure/2.6.13/spring-boot-autoconfigure-2.6.13.jar:/Users/makoto.choel/.m2/repository/io/springfox/springfox-swagger-ui/2.9.2/springfox-swagger-ui-2.9.2.jar:/Users/makoto.choel/.m2/repository/io/springfox/springfox-spring-web/2.9.2/springfox-spring-web-2.9.2.jar:/Users/makoto.choel/.m2/repository/io/springfox/springfox-swagger2/2.9.2/springfox-swagger2-2.9.2.jar:/Users/makoto.choel/.m2/repository/io/swagger/swagger-annotations/1.5.20/swagger-annotations-1.5.20.jar:/Users/makoto.choel/.m2/repository/io/swagger/swagger-models/1.5.20/swagger-models-1.5.20.jar:/Users/makoto.choel/.m2/repository/com/fasterxml/jackson/core/jackson-annotations/2.13.4/jackson-annotations-2.13.4.jar:/Users/makoto.choel/.m2/repository/io/springfox/springfox-spi/2.9.2/springfox-spi-2.9.2.jar:/Users/makoto.choel/.m2/repository/io/springfox/springfox-core/2.9.2/springfox-core-2.9.2.jar:/Users/makoto.choel/.m2/repository/io/springfox/springfox-schema/2.9.2/springfox-schema-2.9.2.jar:/Users/makoto.choel/.m2/repository/io/springfox/springfox-swagger-common/2.9.2/springfox-swagger-common-2.9.2.jar:/Users/makoto.choel/.m2/repository/com/google/guava/guava/20.0/guava-20.0.jar:/Users/makoto.choel/.m2/repository/com/fasterxml/classmate/1.5.1/classmate-1.5.1.jar:/Users/makoto.choel/.m2/repository/org/slf4j/slf4j-api/1.7.36/slf4j-api-1.7.36.jar:/Users/makoto.choel/.m2/repository/org/springframework/plugin/spring-plugin-core/1.2.0.RELEASE/spring-plugin-core-1.2.0.RELEASE.jar:/Users/makoto.choel/.m2/repository/org/springframework/spring-beans/5.3.23/spring-beans-5.3.23.jar:/Users/makoto.choel/.m2/repository/org/springframework/spring-aop/5.3.23/spring-aop-5.3.23.jar:/Users/makoto.choel/.m2/repository/org/springframework/plugin/spring-plugin-metadata/1.2.0.RELEASE/spring-plugin-metadata-1.2.0.RELEASE.jar:/Users/makoto.choel/.m2/repository/org/mapstruct/mapstruct/1.2.0.Final/mapstruct-1.2.0.Final.jar:/Users/makoto.choel/.m2/repository/com/baomidou/mybatis-plus-boot-starter/3.4.2/mybatis-plus-boot-starter-3.4.2.jar:/Users/makoto.choel/.m2/repository/com/baomidou/mybatis-plus/3.4.2/mybatis-plus-3.4.2.jar:/Users/makoto.choel/.m2/repository/com/baomidou/mybatis-plus-extension/3.4.2/mybatis-plus-extension-3.4.2.jar:/Users/makoto.choel/.m2/repository/com/baomidou/mybatis-plus-core/3.4.2/mybatis-plus-core-3.4.2.jar:/Users/makoto.choel/.m2/repository/com/baomidou/mybatis-plus-annotation/3.4.2/mybatis-plus-annotation-3.4.2.jar:/Users/makoto.choel/.m2/repository/org/springframework/boot/spring-boot-starter-jdbc/2.6.13/spring-boot-starter-jdbc-2.6.13.jar:/Users/makoto.choel/.m2/repository/com/zaxxer/HikariCP/4.0.3/HikariCP-4.0.3.jar:/Users/makoto.choel/.m2/repository/org/springframework/spring-jdbc/5.3.23/spring-jdbc-5.3.23.jar:/Users/makoto.choel/.m2/repository/mysql/mysql-connector-java/5.1.47/mysql-connector-java-5.1.47.jar:/Users/makoto.choel/.m2/repository/com/alibaba/druid/1.1.20/druid-1.1.20.jar:/Users/makoto.choel/.m2/repository/org/projectlombok/lombok/1.18.24/lombok-1.18.24.jar:/Users/makoto.choel/.m2/repository/com/auth0/java-jwt/4.4.0/java-jwt-4.4.0.jar:/Users/makoto.choel/.m2/repository/com/fasterxml/jackson/core/jackson-databind/2.13.4.2/jackson-databind-2.13.4.2.jar:/Users/makoto.choel/.m2/repository/com/fasterxml/jackson/core/jackson-core/2.13.4/jackson-core-2.13.4.jar:/Users/makoto.choel/.m2/repository/org/springframework/boot/spring-boot-starter-test/2.6.13/spring-boot-starter-test-2.6.13.jar:/Users/makoto.choel/.m2/repository/org/springframework/boot/spring-boot-starter/2.6.13/spring-boot-starter-2.6.13.jar:/Users/makoto.choel/.m2/repository/org/springframework/boot/spring-boot-starter-logging/2.6.13/spring-boot-starter-logging-2.6.13.jar:/Users/makoto.choel/.m2/repository/ch/qos/logback/logback-classic/1.2.11/logback-classic-1.2.11.jar:/Users/makoto.choel/.m2/repository/ch/qos/logback/logback-core/1.2.11/logback-core-1.2.11.jar:/Users/makoto.choel/.m2/repository/org/apache/logging/log4j/log4j-to-slf4j/2.17.2/log4j-to-slf4j-2.17.2.jar:/Users/makoto.choel/.m2/repository/org/apache/logging/log4j/log4j-api/2.17.2/log4j-api-2.17.2.jar:/Users/makoto.choel/.m2/repository/org/slf4j/jul-to-slf4j/1.7.36/jul-to-slf4j-1.7.36.jar:/Users/makoto.choel/.m2/repository/jakarta/annotation/jakarta.annotation-api/1.3.5/jakarta.annotation-api-1.3.5.jar:/Users/makoto.choel/.m2/repository/org/yaml/snakeyaml/1.29/snakeyaml-1.29.jar:/Users/makoto.choel/.m2/repository/org/springframework/boot/spring-boot-test/2.6.13/spring-boot-test-2.6.13.jar:/Users/makoto.choel/.m2/repository/org/springframework/boot/spring-boot-test-autoconfigure/2.6.13/spring-boot-test-autoconfigure-2.6.13.jar:/Users/makoto.choel/.m2/repository/com/jayway/jsonpath/json-path/2.6.0/json-path-2.6.0.jar:/Users/makoto.choel/.m2/repository/net/minidev/json-smart/2.4.8/json-smart-2.4.8.jar:/Users/makoto.choel/.m2/repository/net/minidev/accessors-smart/2.4.8/accessors-smart-2.4.8.jar:/Users/makoto.choel/.m2/repository/org/ow2/asm/asm/9.1/asm-9.1.jar:/Users/makoto.choel/.m2/repository/jakarta/xml/bind/jakarta.xml.bind-api/2.3.3/jakarta.xml.bind-api-2.3.3.jar:/Users/makoto.choel/.m2/repository/jakarta/activation/jakarta.activation-api/1.2.2/jakarta.activation-api-1.2.2.jar:/Users/makoto.choel/.m2/repository/org/assertj/assertj-core/3.21.0/assertj-core-3.21.0.jar:/Users/makoto.choel/.m2/repository/org/hamcrest/hamcrest/2.2/hamcrest-2.2.jar:/Users/makoto.choel/.m2/repository/org/junit/jupiter/junit-jupiter/5.8.2/junit-jupiter-5.8.2.jar:/Users/makoto.choel/.m2/repository/org/junit/jupiter/junit-jupiter-api/5.8.2/junit-jupiter-api-5.8.2.jar:/Users/makoto.choel/.m2/repository/org/opentest4j/opentest4j/1.2.0/opentest4j-1.2.0.jar:/Users/makoto.choel/.m2/repository/org/junit/platform/junit-platform-commons/1.8.2/junit-platform-commons-1.8.2.jar:/Users/makoto.choel/.m2/repository/org/apiguardian/apiguardian-api/1.1.2/apiguardian-api-1.1.2.jar:/Users/makoto.choel/.m2/repository/org/junit/jupiter/junit-jupiter-params/5.8.2/junit-jupiter-params-5.8.2.jar:/Users/makoto.choel/.m2/repository/org/junit/jupiter/junit-jupiter-engine/5.8.2/junit-jupiter-engine-5.8.2.jar:/Users/makoto.choel/.m2/repository/org/junit/platform/junit-platform-engine/1.8.2/junit-platform-engine-1.8.2.jar:/Users/makoto.choel/.m2/repository/org/mockito/mockito-core/4.0.0/mockito-core-4.0.0.jar:/Users/makoto.choel/.m2/repository/net/bytebuddy/byte-buddy/1.11.22/byte-buddy-1.11.22.jar:/Users/makoto.choel/.m2/repository/net/bytebuddy/byte-buddy-agent/1.11.22/byte-buddy-agent-1.11.22.jar:/Users/makoto.choel/.m2/repository/org/objenesis/objenesis/3.2/objenesis-3.2.jar:/Users/makoto.choel/.m2/repository/org/mockito/mockito-junit-jupiter/4.0.0/mockito-junit-jupiter-4.0.0.jar:/Users/makoto.choel/.m2/repository/org/skyscreamer/jsonassert/1.5.1/jsonassert-1.5.1.jar:/Users/makoto.choel/.m2/repository/com/vaadin/external/google/android-json/0.0.20131108.vaadin1/android-json-0.0.20131108.vaadin1.jar:/Users/makoto.choel/.m2/repository/org/springframework/spring-core/5.3.23/spring-core-5.3.23.jar:/Users/makoto.choel/.m2/repository/org/springframework/spring-jcl/5.3.23/spring-jcl-5.3.23.jar:/Users/makoto.choel/.m2/repository/org/springframework/spring-test/5.3.23/spring-test-5.3.23.jar:/Users/makoto.choel/.m2/repository/org/xmlunit/xmlunit-core/2.8.4/xmlunit-core-2.8.4.jar:/Users/makoto.choel/.m2/repository/org/springframework/boot/spring-boot-starter-validation/2.6.13/spring-boot-starter-validation-2.6.13.jar:/Users/makoto.choel/.m2/repository/org/apache/tomcat/embed/tomcat-embed-el/9.0.68/tomcat-embed-el-9.0.68.jar:/Users/makoto.choel/.m2/repository/org/hibernate/validator/hibernate-validator/6.2.5.Final/hibernate-validator-6.2.5.Final.jar:/Users/makoto.choel/.m2/repository/jakarta/validation/jakarta.validation-api/2.0.2/jakarta.validation-api-2.0.2.jar:/Users/makoto.choel/.m2/repository/org/jboss/logging/jboss-logging/3.4.3.Final/jboss-logging-3.4.3.Final.jar:/Users/makoto.choel/.m2/repository/com/github/pagehelper/pagehelper-spring-boot-starter/1.4.6/pagehelper-spring-boot-starter-1.4.6.jar:/Users/makoto.choel/.m2/repository/org/mybatis/spring/boot/mybatis-spring-boot-starter/2.2.2/mybatis-spring-boot-starter-2.2.2.jar:/Users/makoto.choel/.m2/repository/org/mybatis/spring/boot/mybatis-spring-boot-autoconfigure/2.2.2/mybatis-spring-boot-autoconfigure-2.2.2.jar:/Users/makoto.choel/.m2/repository/org/mybatis/mybatis/3.5.9/mybatis-3.5.9.jar:/Users/makoto.choel/.m2/repository/org/mybatis/mybatis-spring/2.0.7/mybatis-spring-2.0.7.jar:/Users/makoto.choel/.m2/repository/com/github/pagehelper/pagehelper-spring-boot-autoconfigure/1.4.6/pagehelper-spring-boot-autoconfigure-1.4.6.jar:/Users/makoto.choel/.m2/repository/com/github/pagehelper/pagehelper/5.3.2/pagehelper-5.3.2.jar:/Users/makoto.choel/.m2/repository/com/github/jsqlparser/jsqlparser/4.5/jsqlparser-4.5.jar:/Users/makoto.choel/.m2/repository/org/springframework/boot/spring-boot-starter-data-redis/2.6.13/spring-boot-starter-data-redis-2.6.13.jar:/Users/makoto.choel/.m2/repository/org/springframework/data/spring-data-redis/2.6.9/spring-data-redis-2.6.9.jar:/Users/makoto.choel/.m2/repository/org/springframework/data/spring-data-keyvalue/2.6.9/spring-data-keyvalue-2.6.9.jar:/Users/makoto.choel/.m2/repository/org/springframework/data/spring-data-commons/2.6.9/spring-data-commons-2.6.9.jar:/Users/makoto.choel/.m2/repository/org/springframework/spring-tx/5.3.23/spring-tx-5.3.23.jar:/Users/makoto.choel/.m2/repository/org/springframework/spring-oxm/5.3.23/spring-oxm-5.3.23.jar:/Users/makoto.choel/.m2/repository/org/springframework/spring-context-support/5.3.23/spring-context-support-5.3.23.jar:/Users/makoto.choel/.m2/repository/io/lettuce/lettuce-core/6.1.10.RELEASE/lettuce-core-6.1.10.RELEASE.jar:/Users/makoto.choel/.m2/repository/io/netty/netty-common/4.1.84.Final/netty-common-4.1.84.Final.jar:/Users/makoto.choel/.m2/repository/io/netty/netty-handler/4.1.84.Final/netty-handler-4.1.84.Final.jar:/Users/makoto.choel/.m2/repository/io/netty/netty-resolver/4.1.84.Final/netty-resolver-4.1.84.Final.jar:/Users/makoto.choel/.m2/repository/io/netty/netty-buffer/4.1.84.Final/netty-buffer-4.1.84.Final.jar:/Users/makoto.choel/.m2/repository/io/netty/netty-transport-native-unix-common/4.1.84.Final/netty-transport-native-unix-common-4.1.84.Final.jar:/Users/makoto.choel/.m2/repository/io/netty/netty-codec/4.1.84.Final/netty-codec-4.1.84.Final.jar:/Users/makoto.choel/.m2/repository/io/netty/netty-transport/4.1.84.Final/netty-transport-4.1.84.Final.jar:/Users/makoto.choel/.m2/repository/io/projectreactor/reactor-core/3.4.24/reactor-core-3.4.24.jar:/Users/makoto.choel/.m2/repository/org/reactivestreams/reactive-streams/1.0.4/reactive-streams-1.0.4.jar:/Users/makoto.choel/.m2/repository/org/springframework/boot/spring-boot-starter-web/2.6.13/spring-boot-starter-web-2.6.13.jar:/Users/makoto.choel/.m2/repository/org/springframework/boot/spring-boot-starter-json/2.6.13/spring-boot-starter-json-2.6.13.jar:/Users/makoto.choel/.m2/repository/com/fasterxml/jackson/datatype/jackson-datatype-jdk8/2.13.4/jackson-datatype-jdk8-2.13.4.jar:/Users/makoto.choel/.m2/repository/com/fasterxml/jackson/datatype/jackson-datatype-jsr310/2.13.4/jackson-datatype-jsr310-2.13.4.jar:/Users/makoto.choel/.m2/repository/com/fasterxml/jackson/module/jackson-module-parameter-names/2.13.4/jackson-module-parameter-names-2.13.4.jar:/Users/makoto.choel/.m2/repository/org/springframework/boot/spring-boot-starter-tomcat/2.6.13/spring-boot-starter-tomcat-2.6.13.jar:/Users/makoto.choel/.m2/repository/org/apache/tomcat/embed/tomcat-embed-core/9.0.68/tomcat-embed-core-9.0.68.jar:/Users/makoto.choel/.m2/repository/org/apache/tomcat/embed/tomcat-embed-websocket/9.0.68/tomcat-embed-websocket-9.0.68.jar:/Users/makoto.choel/.m2/repository/org/springframework/spring-web/5.3.23/spring-web-5.3.23.jar:/Users/makoto.choel/.m2/repository/org/springframework/spring-webmvc/5.3.23/spring-webmvc-5.3.23.jar:/Users/makoto.choel/.m2/repository/org/springframework/spring-expression/5.3.23/spring-expression-5.3.23.jar:"/>
    <property name="java.vm.vendor" value="Oracle Corporation"/>
    <property name="sun.arch.data.model" value="64"/>
    <property name="java.vendor.url" value="http://java.oracle.com/"/>
    <property name="user.timezone" value="Asia/Tokyo"/>
    <property name="java.vm.specification.version" value="1.8"/>
    <property name="os.name" value="Mac OS X"/>
    <property name="user.country" value="CN"/>
    <property name="sun.java.launcher" value="SUN_STANDARD"/>
    <property name="sun.boot.library.path" value="/Library/Java/JavaVirtualMachines/jdk1.8.0_361.jdk/Contents/Home/jre/lib"/>
    <property name="sun.java.command" value="/Users/makoto.choel/IdeaProjects/gamerknew/target/surefire/surefirebooter-20240117233449888_3.jar /Users/makoto.choel/IdeaProjects/gamerknew/target/surefire 2024-01-17T23-34-49_646-jvmRun1 surefire-20240117233449888_1tmp surefire_0-20240117233449888_2tmp"/>
    <property name="surefire.test.class.path" value="/Users/makoto.choel/IdeaProjects/gamerknew/target/test-classes:/Users/makoto.choel/IdeaProjects/gamerknew/target/classes:/Users/makoto.choel/.m2/repository/org/springframework/boot/spring-boot-devtools/2.6.13/spring-boot-devtools-2.6.13.jar:/Users/makoto.choel/.m2/repository/org/springframework/boot/spring-boot/2.6.13/spring-boot-2.6.13.jar:/Users/makoto.choel/.m2/repository/org/springframework/spring-context/5.3.23/spring-context-5.3.23.jar:/Users/makoto.choel/.m2/repository/org/springframework/boot/spring-boot-autoconfigure/2.6.13/spring-boot-autoconfigure-2.6.13.jar:/Users/makoto.choel/.m2/repository/io/springfox/springfox-swagger-ui/2.9.2/springfox-swagger-ui-2.9.2.jar:/Users/makoto.choel/.m2/repository/io/springfox/springfox-spring-web/2.9.2/springfox-spring-web-2.9.2.jar:/Users/makoto.choel/.m2/repository/io/springfox/springfox-swagger2/2.9.2/springfox-swagger2-2.9.2.jar:/Users/makoto.choel/.m2/repository/io/swagger/swagger-annotations/1.5.20/swagger-annotations-1.5.20.jar:/Users/makoto.choel/.m2/repository/io/swagger/swagger-models/1.5.20/swagger-models-1.5.20.jar:/Users/makoto.choel/.m2/repository/com/fasterxml/jackson/core/jackson-annotations/2.13.4/jackson-annotations-2.13.4.jar:/Users/makoto.choel/.m2/repository/io/springfox/springfox-spi/2.9.2/springfox-spi-2.9.2.jar:/Users/makoto.choel/.m2/repository/io/springfox/springfox-core/2.9.2/springfox-core-2.9.2.jar:/Users/makoto.choel/.m2/repository/io/springfox/springfox-schema/2.9.2/springfox-schema-2.9.2.jar:/Users/makoto.choel/.m2/repository/io/springfox/springfox-swagger-common/2.9.2/springfox-swagger-common-2.9.2.jar:/Users/makoto.choel/.m2/repository/com/google/guava/guava/20.0/guava-20.0.jar:/Users/makoto.choel/.m2/repository/com/fasterxml/classmate/1.5.1/classmate-1.5.1.jar:/Users/makoto.choel/.m2/repository/org/slf4j/slf4j-api/1.7.36/slf4j-api-1.7.36.jar:/Users/makoto.choel/.m2/repository/org/springframework/plugin/spring-plugin-core/1.2.0.RELEASE/spring-plugin-core-1.2.0.RELEASE.jar:/Users/makoto.choel/.m2/repository/org/springframework/spring-beans/5.3.23/spring-beans-5.3.23.jar:/Users/makoto.choel/.m2/repository/org/springframework/spring-aop/5.3.23/spring-aop-5.3.23.jar:/Users/makoto.choel/.m2/repository/org/springframework/plugin/spring-plugin-metadata/1.2.0.RELEASE/spring-plugin-metadata-1.2.0.RELEASE.jar:/Users/makoto.choel/.m2/repository/org/mapstruct/mapstruct/1.2.0.Final/mapstruct-1.2.0.Final.jar:/Users/makoto.choel/.m2/repository/com/baomidou/mybatis-plus-boot-starter/3.4.2/mybatis-plus-boot-starter-3.4.2.jar:/Users/makoto.choel/.m2/repository/com/baomidou/mybatis-plus/3.4.2/mybatis-plus-3.4.2.jar:/Users/makoto.choel/.m2/repository/com/baomidou/mybatis-plus-extension/3.4.2/mybatis-plus-extension-3.4.2.jar:/Users/makoto.choel/.m2/repository/com/baomidou/mybatis-plus-core/3.4.2/mybatis-plus-core-3.4.2.jar:/Users/makoto.choel/.m2/repository/com/baomidou/mybatis-plus-annotation/3.4.2/mybatis-plus-annotation-3.4.2.jar:/Users/makoto.choel/.m2/repository/org/springframework/boot/spring-boot-starter-jdbc/2.6.13/spring-boot-starter-jdbc-2.6.13.jar:/Users/makoto.choel/.m2/repository/com/zaxxer/HikariCP/4.0.3/HikariCP-4.0.3.jar:/Users/makoto.choel/.m2/repository/org/springframework/spring-jdbc/5.3.23/spring-jdbc-5.3.23.jar:/Users/makoto.choel/.m2/repository/mysql/mysql-connector-java/5.1.47/mysql-connector-java-5.1.47.jar:/Users/makoto.choel/.m2/repository/com/alibaba/druid/1.1.20/druid-1.1.20.jar:/Users/makoto.choel/.m2/repository/org/projectlombok/lombok/1.18.24/lombok-1.18.24.jar:/Users/makoto.choel/.m2/repository/com/auth0/java-jwt/4.4.0/java-jwt-4.4.0.jar:/Users/makoto.choel/.m2/repository/com/fasterxml/jackson/core/jackson-databind/2.13.4.2/jackson-databind-2.13.4.2.jar:/Users/makoto.choel/.m2/repository/com/fasterxml/jackson/core/jackson-core/2.13.4/jackson-core-2.13.4.jar:/Users/makoto.choel/.m2/repository/org/springframework/boot/spring-boot-starter-test/2.6.13/spring-boot-starter-test-2.6.13.jar:/Users/makoto.choel/.m2/repository/org/springframework/boot/spring-boot-starter/2.6.13/spring-boot-starter-2.6.13.jar:/Users/makoto.choel/.m2/repository/org/springframework/boot/spring-boot-starter-logging/2.6.13/spring-boot-starter-logging-2.6.13.jar:/Users/makoto.choel/.m2/repository/ch/qos/logback/logback-classic/1.2.11/logback-classic-1.2.11.jar:/Users/makoto.choel/.m2/repository/ch/qos/logback/logback-core/1.2.11/logback-core-1.2.11.jar:/Users/makoto.choel/.m2/repository/org/apache/logging/log4j/log4j-to-slf4j/2.17.2/log4j-to-slf4j-2.17.2.jar:/Users/makoto.choel/.m2/repository/org/apache/logging/log4j/log4j-api/2.17.2/log4j-api-2.17.2.jar:/Users/makoto.choel/.m2/repository/org/slf4j/jul-to-slf4j/1.7.36/jul-to-slf4j-1.7.36.jar:/Users/makoto.choel/.m2/repository/jakarta/annotation/jakarta.annotation-api/1.3.5/jakarta.annotation-api-1.3.5.jar:/Users/makoto.choel/.m2/repository/org/yaml/snakeyaml/1.29/snakeyaml-1.29.jar:/Users/makoto.choel/.m2/repository/org/springframework/boot/spring-boot-test/2.6.13/spring-boot-test-2.6.13.jar:/Users/makoto.choel/.m2/repository/org/springframework/boot/spring-boot-test-autoconfigure/2.6.13/spring-boot-test-autoconfigure-2.6.13.jar:/Users/makoto.choel/.m2/repository/com/jayway/jsonpath/json-path/2.6.0/json-path-2.6.0.jar:/Users/makoto.choel/.m2/repository/net/minidev/json-smart/2.4.8/json-smart-2.4.8.jar:/Users/makoto.choel/.m2/repository/net/minidev/accessors-smart/2.4.8/accessors-smart-2.4.8.jar:/Users/makoto.choel/.m2/repository/org/ow2/asm/asm/9.1/asm-9.1.jar:/Users/makoto.choel/.m2/repository/jakarta/xml/bind/jakarta.xml.bind-api/2.3.3/jakarta.xml.bind-api-2.3.3.jar:/Users/makoto.choel/.m2/repository/jakarta/activation/jakarta.activation-api/1.2.2/jakarta.activation-api-1.2.2.jar:/Users/makoto.choel/.m2/repository/org/assertj/assertj-core/3.21.0/assertj-core-3.21.0.jar:/Users/makoto.choel/.m2/repository/org/hamcrest/hamcrest/2.2/hamcrest-2.2.jar:/Users/makoto.choel/.m2/repository/org/junit/jupiter/junit-jupiter/5.8.2/junit-jupiter-5.8.2.jar:/Users/makoto.choel/.m2/repository/org/junit/jupiter/junit-jupiter-api/5.8.2/junit-jupiter-api-5.8.2.jar:/Users/makoto.choel/.m2/repository/org/opentest4j/opentest4j/1.2.0/opentest4j-1.2.0.jar:/Users/makoto.choel/.m2/repository/org/junit/platform/junit-platform-commons/1.8.2/junit-platform-commons-1.8.2.jar:/Users/makoto.choel/.m2/repository/org/apiguardian/apiguardian-api/1.1.2/apiguardian-api-1.1.2.jar:/Users/makoto.choel/.m2/repository/org/junit/jupiter/junit-jupiter-params/5.8.2/junit-jupiter-params-5.8.2.jar:/Users/makoto.choel/.m2/repository/org/junit/jupiter/junit-jupiter-engine/5.8.2/junit-jupiter-engine-5.8.2.jar:/Users/makoto.choel/.m2/repository/org/junit/platform/junit-platform-engine/1.8.2/junit-platform-engine-1.8.2.jar:/Users/makoto.choel/.m2/repository/org/mockito/mockito-core/4.0.0/mockito-core-4.0.0.jar:/Users/makoto.choel/.m2/repository/net/bytebuddy/byte-buddy/1.11.22/byte-buddy-1.11.22.jar:/Users/makoto.choel/.m2/repository/net/bytebuddy/byte-buddy-agent/1.11.22/byte-buddy-agent-1.11.22.jar:/Users/makoto.choel/.m2/repository/org/objenesis/objenesis/3.2/objenesis-3.2.jar:/Users/makoto.choel/.m2/repository/org/mockito/mockito-junit-jupiter/4.0.0/mockito-junit-jupiter-4.0.0.jar:/Users/makoto.choel/.m2/repository/org/skyscreamer/jsonassert/1.5.1/jsonassert-1.5.1.jar:/Users/makoto.choel/.m2/repository/com/vaadin/external/google/android-json/0.0.20131108.vaadin1/android-json-0.0.20131108.vaadin1.jar:/Users/makoto.choel/.m2/repository/org/springframework/spring-core/5.3.23/spring-core-5.3.23.jar:/Users/makoto.choel/.m2/repository/org/springframework/spring-jcl/5.3.23/spring-jcl-5.3.23.jar:/Users/makoto.choel/.m2/repository/org/springframework/spring-test/5.3.23/spring-test-5.3.23.jar:/Users/makoto.choel/.m2/repository/org/xmlunit/xmlunit-core/2.8.4/xmlunit-core-2.8.4.jar:/Users/makoto.choel/.m2/repository/org/springframework/boot/spring-boot-starter-validation/2.6.13/spring-boot-starter-validation-2.6.13.jar:/Users/makoto.choel/.m2/repository/org/apache/tomcat/embed/tomcat-embed-el/9.0.68/tomcat-embed-el-9.0.68.jar:/Users/makoto.choel/.m2/repository/org/hibernate/validator/hibernate-validator/6.2.5.Final/hibernate-validator-6.2.5.Final.jar:/Users/makoto.choel/.m2/repository/jakarta/validation/jakarta.validation-api/2.0.2/jakarta.validation-api-2.0.2.jar:/Users/makoto.choel/.m2/repository/org/jboss/logging/jboss-logging/3.4.3.Final/jboss-logging-3.4.3.Final.jar:/Users/makoto.choel/.m2/repository/com/github/pagehelper/pagehelper-spring-boot-starter/1.4.6/pagehelper-spring-boot-starter-1.4.6.jar:/Users/makoto.choel/.m2/repository/org/mybatis/spring/boot/mybatis-spring-boot-starter/2.2.2/mybatis-spring-boot-starter-2.2.2.jar:/Users/makoto.choel/.m2/repository/org/mybatis/spring/boot/mybatis-spring-boot-autoconfigure/2.2.2/mybatis-spring-boot-autoconfigure-2.2.2.jar:/Users/makoto.choel/.m2/repository/org/mybatis/mybatis/3.5.9/mybatis-3.5.9.jar:/Users/makoto.choel/.m2/repository/org/mybatis/mybatis-spring/2.0.7/mybatis-spring-2.0.7.jar:/Users/makoto.choel/.m2/repository/com/github/pagehelper/pagehelper-spring-boot-autoconfigure/1.4.6/pagehelper-spring-boot-autoconfigure-1.4.6.jar:/Users/makoto.choel/.m2/repository/com/github/pagehelper/pagehelper/5.3.2/pagehelper-5.3.2.jar:/Users/makoto.choel/.m2/repository/com/github/jsqlparser/jsqlparser/4.5/jsqlparser-4.5.jar:/Users/makoto.choel/.m2/repository/org/springframework/boot/spring-boot-starter-data-redis/2.6.13/spring-boot-starter-data-redis-2.6.13.jar:/Users/makoto.choel/.m2/repository/org/springframework/data/spring-data-redis/2.6.9/spring-data-redis-2.6.9.jar:/Users/makoto.choel/.m2/repository/org/springframework/data/spring-data-keyvalue/2.6.9/spring-data-keyvalue-2.6.9.jar:/Users/makoto.choel/.m2/repository/org/springframework/data/spring-data-commons/2.6.9/spring-data-commons-2.6.9.jar:/Users/makoto.choel/.m2/repository/org/springframework/spring-tx/5.3.23/spring-tx-5.3.23.jar:/Users/makoto.choel/.m2/repository/org/springframework/spring-oxm/5.3.23/spring-oxm-5.3.23.jar:/Users/makoto.choel/.m2/repository/org/springframework/spring-context-support/5.3.23/spring-context-support-5.3.23.jar:/Users/makoto.choel/.m2/repository/io/lettuce/lettuce-core/6.1.10.RELEASE/lettuce-core-6.1.10.RELEASE.jar:/Users/makoto.choel/.m2/repository/io/netty/netty-common/4.1.84.Final/netty-common-4.1.84.Final.jar:/Users/makoto.choel/.m2/repository/io/netty/netty-handler/4.1.84.Final/netty-handler-4.1.84.Final.jar:/Users/makoto.choel/.m2/repository/io/netty/netty-resolver/4.1.84.Final/netty-resolver-4.1.84.Final.jar:/Users/makoto.choel/.m2/repository/io/netty/netty-buffer/4.1.84.Final/netty-buffer-4.1.84.Final.jar:/Users/makoto.choel/.m2/repository/io/netty/netty-transport-native-unix-common/4.1.84.Final/netty-transport-native-unix-common-4.1.84.Final.jar:/Users/makoto.choel/.m2/repository/io/netty/netty-codec/4.1.84.Final/netty-codec-4.1.84.Final.jar:/Users/makoto.choel/.m2/repository/io/netty/netty-transport/4.1.84.Final/netty-transport-4.1.84.Final.jar:/Users/makoto.choel/.m2/repository/io/projectreactor/reactor-core/3.4.24/reactor-core-3.4.24.jar:/Users/makoto.choel/.m2/repository/org/reactivestreams/reactive-streams/1.0.4/reactive-streams-1.0.4.jar:/Users/makoto.choel/.m2/repository/org/springframework/boot/spring-boot-starter-web/2.6.13/spring-boot-starter-web-2.6.13.jar:/Users/makoto.choel/.m2/repository/org/springframework/boot/spring-boot-starter-json/2.6.13/spring-boot-starter-json-2.6.13.jar:/Users/makoto.choel/.m2/repository/com/fasterxml/jackson/datatype/jackson-datatype-jdk8/2.13.4/jackson-datatype-jdk8-2.13.4.jar:/Users/makoto.choel/.m2/repository/com/fasterxml/jackson/datatype/jackson-datatype-jsr310/2.13.4/jackson-datatype-jsr310-2.13.4.jar:/Users/makoto.choel/.m2/repository/com/fasterxml/jackson/module/jackson-module-parameter-names/2.13.4/jackson-module-parameter-names-2.13.4.jar:/Users/makoto.choel/.m2/repository/org/springframework/boot/spring-boot-starter-tomcat/2.6.13/spring-boot-starter-tomcat-2.6.13.jar:/Users/makoto.choel/.m2/repository/org/apache/tomcat/embed/tomcat-embed-core/9.0.68/tomcat-embed-core-9.0.68.jar:/Users/makoto.choel/.m2/repository/org/apache/tomcat/embed/tomcat-embed-websocket/9.0.68/tomcat-embed-websocket-9.0.68.jar:/Users/makoto.choel/.m2/repository/org/springframework/spring-web/5.3.23/spring-web-5.3.23.jar:/Users/makoto.choel/.m2/repository/org/springframework/spring-webmvc/5.3.23/spring-webmvc-5.3.23.jar:/Users/makoto.choel/.m2/repository/org/springframework/spring-expression/5.3.23/spring-expression-5.3.23.jar:"/>
    <property name="sun.cpu.endian" value="little"/>
    <property name="user.home" value="/Users/makoto.choel"/>
    <property name="user.language" value="en"/>
    <property name="java.specification.vendor" value="Oracle Corporation"/>
    <property name="java.home" value="/Library/Java/JavaVirtualMachines/jdk1.8.0_361.jdk/Contents/Home/jre"/>
    <property name="basedir" value="/Users/makoto.choel/IdeaProjects/gamerknew"/>
    <property name="file.separator" value="/"/>
    <property name="line.separator" value="&#10;"/>
    <property name="java.vm.specification.vendor" value="Oracle Corporation"/>
    <property name="java.specification.name" value="Java Platform API Specification"/>
    <property name="FILE_LOG_CHARSET" value="UTF-8"/>
    <property name="java.awt.graphicsenv" value="sun.awt.CGraphicsEnvironment"/>
    <property name="java.awt.headless" value="true"/>
    <property name="surefire.real.class.path" value="/Users/makoto.choel/IdeaProjects/gamerknew/target/surefire/surefirebooter-20240117233449888_3.jar"/>
    <property name="sun.boot.class.path" value="/Library/Java/JavaVirtualMachines/jdk1.8.0_361.jdk/Contents/Home/jre/lib/resources.jar:/Library/Java/JavaVirtualMachines/jdk1.8.0_361.jdk/Contents/Home/jre/lib/rt.jar:/Library/Java/JavaVirtualMachines/jdk1.8.0_361.jdk/Contents/Home/jre/lib/jsse.jar:/Library/Java/JavaVirtualMachines/jdk1.8.0_361.jdk/Contents/Home/jre/lib/jce.jar:/Library/Java/JavaVirtualMachines/jdk1.8.0_361.jdk/Contents/Home/jre/lib/charsets.jar:/Library/Java/JavaVirtualMachines/jdk1.8.0_361.jdk/Contents/Home/jre/lib/jfr.jar:/Library/Java/JavaVirtualMachines/jdk1.8.0_361.jdk/Contents/Home/jre/classes"/>
    <property name="sun.management.compiler" value="HotSpot 64-Bit Tiered Compilers"/>
    <property name="java.runtime.version" value="1.8.0_361-b09"/>
    <property name="user.name" value="makoto.choel"/>
    <property name="path.separator" value=":"/>
    <property name="os.version" value="12.7.1"/>
    <property name="java.endorsed.dirs" value="/Library/Java/JavaVirtualMachines/jdk1.8.0_361.jdk/Contents/Home/jre/lib/endorsed"/>
    <property name="java.runtime.name" value="Java(TM) SE Runtime Environment"/>
    <property name="file.encoding" value="UTF-8"/>
    <property name="spring.beaninfo.ignore" value="true"/>
    <property name="java.vm.name" value="Java HotSpot(TM) 64-Bit Server VM"/>
    <property name="localRepository" value="/Users/makoto.choel/.m2/repository"/>
    <property name="java.vendor.url.bug" value="http://bugreport.sun.com/bugreport/"/>
    <property name="java.io.tmpdir" value="/var/folders/zc/2v3vsmss3wv4fjh2ld_63gb80000gn/T/"/>
    <property name="idea.version" value="2023.2.3"/>
    <property name="java.version" value="1.8.0_361"/>
    <property name="user.dir" value="/Users/makoto.choel/IdeaProjects/gamerknew"/>
    <property name="os.arch" value="x86_64"/>
    <property name="java.vm.specification.name" value="Java Virtual Machine Specification"/>
    <property name="PID" value="81003"/>
    <property name="java.awt.printerjob" value="sun.lwawt.macosx.CPrinterJob"/>
    <property name="sun.os.patch.level" value="unknown"/>
    <property name="CONSOLE_LOG_CHARSET" value="UTF-8"/>
    <property name="java.library.path" value="/Users/makoto.choel/Library/Java/Extensions:/Library/Java/Extensions:/Network/Library/Java/Extensions:/System/Library/Java/Extensions:/usr/lib/java:."/>
    <property name="java.vm.info" value="mixed mode"/>
    <property name="java.vendor" value="Oracle Corporation"/>
    <property name="java.vm.version" value="25.361-b09"/>
    <property name="java.specification.maintenance.version" value="4"/>
    <property name="java.ext.dirs" value="/Users/makoto.choel/Library/Java/Extensions:/Library/Java/JavaVirtualMachines/jdk1.8.0_361.jdk/Contents/Home/jre/lib/ext:/Library/Java/Extensions:/Network/Library/Java/Extensions:/System/Library/Java/Extensions:/usr/lib/java"/>
    <property name="sun.io.unicode.encoding" value="UnicodeBig"/>
    <property name="java.class.version" value="52.0"/>
  </properties>
  <testcase name="contextLoads" classname="com.sei.gamerknew.GamerknewApplicationTests" time="0.666">
    <system-out><![CDATA[23:34:51.583 [main] DEBUG org.springframework.test.context.BootstrapUtils - Instantiating CacheAwareContextLoaderDelegate from class [org.springframework.test.context.cache.DefaultCacheAwareContextLoaderDelegate]
23:34:51.607 [main] DEBUG org.springframework.test.context.BootstrapUtils - Instantiating BootstrapContext using constructor [public org.springframework.test.context.support.DefaultBootstrapContext(java.lang.Class,org.springframework.test.context.CacheAwareContextLoaderDelegate)]
23:34:51.674 [main] DEBUG org.springframework.test.context.BootstrapUtils - Instantiating TestContextBootstrapper for test class [com.sei.gamerknew.GamerknewApplicationTests] from class [org.springframework.boot.test.context.SpringBootTestContextBootstrapper]
23:34:51.701 [main] INFO org.springframework.boot.test.context.SpringBootTestContextBootstrapper - Neither @ContextConfiguration nor @ContextHierarchy found for test class [com.sei.gamerknew.GamerknewApplicationTests], using SpringBootContextLoader
23:34:51.710 [main] DEBUG org.springframework.test.context.support.AbstractContextLoader - Did not detect default resource location for test class [com.sei.gamerknew.GamerknewApplicationTests]: class path resource [com/sei/gamerknew/GamerknewApplicationTests-context.xml] does not exist
23:34:51.711 [main] DEBUG org.springframework.test.context.support.AbstractContextLoader - Did not detect default resource location for test class [com.sei.gamerknew.GamerknewApplicationTests]: class path resource [com/sei/gamerknew/GamerknewApplicationTestsContext.groovy] does not exist
23:34:51.711 [main] INFO org.springframework.test.context.support.AbstractContextLoader - Could not detect default resource locations for test class [com.sei.gamerknew.GamerknewApplicationTests]: no resource found for suffixes {-context.xml, Context.groovy}.
23:34:51.712 [main] INFO org.springframework.test.context.support.AnnotationConfigContextLoaderUtils - Could not detect default configuration classes for test class [com.sei.gamerknew.GamerknewApplicationTests]: GamerknewApplicationTests does not declare any static, non-private, non-final, nested classes annotated with @Configuration.
23:34:51.807 [main] DEBUG org.springframework.test.context.support.ActiveProfilesUtils - Could not find an 'annotation declaring class' for annotation type [org.springframework.test.context.ActiveProfiles] and class [com.sei.gamerknew.GamerknewApplicationTests]
23:34:51.970 [main] DEBUG org.springframework.context.annotation.ClassPathScanningCandidateComponentProvider - Identified candidate component class: file [/Users/makoto.choel/IdeaProjects/gamerknew/target/classes/com/sei/gamerknew/GamerknewApplication.class]
23:34:51.971 [main] INFO org.springframework.boot.test.context.SpringBootTestContextBootstrapper - Found @SpringBootConfiguration com.sei.gamerknew.GamerknewApplication for test class com.sei.gamerknew.GamerknewApplicationTests
23:34:52.180 [main] DEBUG org.springframework.boot.test.context.SpringBootTestContextBootstrapper - @TestExecutionListeners is not present for class [com.sei.gamerknew.GamerknewApplicationTests]: using defaults.
23:34:52.181 [main] INFO org.springframework.boot.test.context.SpringBootTestContextBootstrapper - Loaded default TestExecutionListener class names from location [META-INF/spring.factories]: [org.springframework.boot.test.mock.mockito.MockitoTestExecutionListener, org.springframework.boot.test.mock.mockito.ResetMocksTestExecutionListener, org.springframework.boot.test.autoconfigure.restdocs.RestDocsTestExecutionListener, org.springframework.boot.test.autoconfigure.web.client.MockRestServiceServerResetTestExecutionListener, org.springframework.boot.test.autoconfigure.web.servlet.MockMvcPrintOnlyOnFailureTestExecutionListener, org.springframework.boot.test.autoconfigure.web.servlet.WebDriverTestExecutionListener, org.springframework.boot.test.autoconfigure.webservices.client.MockWebServiceServerTestExecutionListener, org.springframework.test.context.web.ServletTestExecutionListener, org.springframework.test.context.support.DirtiesContextBeforeModesTestExecutionListener, org.springframework.test.context.event.ApplicationEventsTestExecutionListener, org.springframework.test.context.support.DependencyInjectionTestExecutionListener, org.springframework.test.context.support.DirtiesContextTestExecutionListener, org.springframework.test.context.transaction.TransactionalTestExecutionListener, org.springframework.test.context.jdbc.SqlScriptsTestExecutionListener, org.springframework.test.context.event.EventPublishingTestExecutionListener]
23:34:52.213 [main] INFO org.springframework.boot.test.context.SpringBootTestContextBootstrapper - Using TestExecutionListeners: [org.springframework.test.context.web.ServletTestExecutionListener@147e2ae7, org.springframework.test.context.support.DirtiesContextBeforeModesTestExecutionListener@448c8166, org.springframework.test.context.event.ApplicationEventsTestExecutionListener@4470fbd6, org.springframework.boot.test.mock.mockito.MockitoTestExecutionListener@15d49048, org.springframework.boot.test.autoconfigure.SpringBootDependencyInjectionTestExecutionListener@7098b907, org.springframework.test.context.support.DirtiesContextTestExecutionListener@503f91c3, org.springframework.test.context.transaction.TransactionalTestExecutionListener@13526e59, org.springframework.test.context.jdbc.SqlScriptsTestExecutionListener@2235eaab, org.springframework.test.context.event.EventPublishingTestExecutionListener@17503f6b, org.springframework.boot.test.mock.mockito.ResetMocksTestExecutionListener@3bcd05cb, org.springframework.boot.test.autoconfigure.restdocs.RestDocsTestExecutionListener@3b6d844d, org.springframework.boot.test.autoconfigure.web.client.MockRestServiceServerResetTestExecutionListener@36804139, org.springframework.boot.test.autoconfigure.web.servlet.MockMvcPrintOnlyOnFailureTestExecutionListener@20bd8be5, org.springframework.boot.test.autoconfigure.web.servlet.WebDriverTestExecutionListener@730d2164, org.springframework.boot.test.autoconfigure.webservices.client.MockWebServiceServerTestExecutionListener@24959ca4]
23:34:52.219 [main] DEBUG org.springframework.test.context.support.AbstractDirtiesContextTestExecutionListener - Before test class: context [DefaultTestContext@e3b3b2f testClass = GamerknewApplicationTests, testInstance = [null], testMethod = [null], testException = [null], mergedContextConfiguration = [WebMergedContextConfiguration@50f6ac94 testClass = GamerknewApplicationTests, locations = '{}', classes = '{class com.sei.gamerknew.GamerknewApplication}', contextInitializerClasses = '[]', activeProfiles = '{}', propertySourceLocations = '{}', propertySourceProperties = '{org.springframework.boot.test.context.SpringBootTestContextBootstrapper=true}', contextCustomizers = set[org.springframework.boot.test.context.filter.ExcludeFilterContextCustomizer@26794848, org.springframework.boot.test.json.DuplicateJsonObjectContextCustomizerFactory$DuplicateJsonObjectContextCustomizer@40005471, org.springframework.boot.test.mock.mockito.MockitoContextCustomizer@0, org.springframework.boot.test.web.client.TestRestTemplateContextCustomizer@fa4c865, org.springframework.boot.test.autoconfigure.actuate.metrics.MetricsExportContextCustomizerFactory$DisableMetricExportContextCustomizer@24313fcc, org.springframework.boot.test.autoconfigure.properties.PropertyMappingContextCustomizer@0, org.springframework.boot.test.autoconfigure.web.servlet.WebDriverContextCustomizerFactory$Customizer@6913c1fb, org.springframework.boot.test.context.SpringBootTestArgs@1, org.springframework.boot.test.context.SpringBootTestWebEnvironment@3a883ce7], resourceBasePath = 'src/main/webapp', contextLoader = 'org.springframework.boot.test.context.SpringBootContextLoader', parent = [null]], attributes = map['org.springframework.test.context.web.ServletTestExecutionListener.activateListener' -> true]], class annotated with @DirtiesContext [false] with mode [null].

  .   ____          _            __ _ _
 /\\ / ___'_ __ _ _(_)_ __  __ _ \ \ \ \
( ( )\___ | '_ | '_| | '_ \/ _` | \ \ \ \
 \\/  ___)| |_)| | | | | || (_| |  ) ) ) )
  '  |____| .__|_| |_|_| |_\__, | / / / /
 =========|_|==============|___/=/_/_/_/
 :: Spring Boot ::               (v2.6.13)

2024-01-17 23:34:52.816  INFO 81003 --- [           main] c.s.gamerknew.GamerknewApplicationTests  : Starting GamerknewApplicationTests using Java 1.8.0_361 on Makotos-MacBook-Air.local with PID 81003 (started by makoto.choel in /Users/makoto.choel/IdeaProjects/gamerknew)
2024-01-17 23:34:52.819  INFO 81003 --- [           main] c.s.gamerknew.GamerknewApplicationTests  : No active profile set, falling back to 1 default profile: "default"
2024-01-17 23:34:54.695  INFO 81003 --- [           main] .s.d.r.c.RepositoryConfigurationDelegate : Multiple Spring Data modules found, entering strict repository configuration mode
2024-01-17 23:34:54.701  INFO 81003 --- [           main] .s.d.r.c.RepositoryConfigurationDelegate : Bootstrapping Spring Data Redis repositories in DEFAULT mode.
2024-01-17 23:34:54.750  INFO 81003 --- [           main] .s.d.r.c.RepositoryConfigurationDelegate : Finished Spring Data repository scanning in 18 ms. Found 0 Redis repository interfaces.
Logging initialized using 'class org.apache.ibatis.logging.stdout.StdOutImpl' adapter.
Property 'mapperLocations' was not specified.
 _ _   |_  _ _|_. ___ _ |    _ 
| | |\/|_)(_| | |_\  |_)||_|_\ 
     /               |         
                        3.4.2 
[com.sei.gamerknew.mapper.GameMapper.delete] Has been loaded by XML or SqlProvider or Mybatis's Annotation, so ignoring this injection for [class com.baomidou.mybatisplus.core.injector.methods.Delete]
[com.sei.gamerknew.mapper.GameMapper.update] Has been loaded by XML or SqlProvider or Mybatis's Annotation, so ignoring this injection for [class com.baomidou.mybatisplus.core.injector.methods.Update]
[com.sei.gamerknew.mapper.MarkMapper.update] Has been loaded by XML or SqlProvider or Mybatis's Annotation, so ignoring this injection for [class com.baomidou.mybatisplus.core.injector.methods.Update]
[com.sei.gamerknew.mapper.UserMapper.update] Has been loaded by XML or SqlProvider or Mybatis's Annotation, so ignoring this injection for [class com.baomidou.mybatisplus.core.injector.methods.Update]
[com.sei.gamerknew.mapper.BioMapper.update] Has been loaded by XML or SqlProvider or Mybatis's Annotation, so ignoring this injection for [class com.baomidou.mybatisplus.core.injector.methods.Update]
2024-01-17 23:34:58.610  INFO 81003 --- [           main] pertySourcedRequestMappingHandlerMapping : Mapped URL path [/v2/api-docs] onto method [springfox.documentation.swagger2.web.Swagger2Controller#getDocumentation(String, HttpServletRequest)]
2024-01-17 23:34:59.286  INFO 81003 --- [           main] o.s.b.a.w.s.WelcomePageHandlerMapping    : Adding welcome page: class path resource [static/index.html]


,------.                           ,--.  ,--.         ,--.                         
|  .--. '  ,--,--.  ,---.   ,---.  |  '--'  |  ,---.  |  |  ,---.   ,---.  ,--.--. 
|  '--' | ' ,-.  | | .-. | | .-. : |  .--.  | | .-. : |  | | .-. | | .-. : |  .--' 
|  | --'  \ '-'  | ' '-' ' \   --. |  |  |  | \   --. |  | | '-' ' \   --. |  |    
`--'       `--`--' .`-  /   `----' `--'  `--'  `----' `--' |  |-'   `----' `--'    
                   `---'                                   `--'                        is intercepting.

2024-01-17 23:35:00.777  INFO 81003 --- [           main] d.s.w.p.DocumentationPluginsBootstrapper : Context refreshed
2024-01-17 23:35:00.822  INFO 81003 --- [           main] d.s.w.p.DocumentationPluginsBootstrapper : Found 1 custom documentation plugin(s)
2024-01-17 23:35:00.891  INFO 81003 --- [           main] s.d.s.w.s.ApiListingReferenceScanner     : Scanning for api listing references
2024-01-17 23:35:01.200  INFO 81003 --- [           main] .d.s.w.r.o.CachingOperationNameGenerator : Generating unique operation named: getNewsUsingGET_1
2024-01-17 23:35:01.311  INFO 81003 --- [           main] c.s.gamerknew.GamerknewApplicationTests  : Started GamerknewApplicationTests in 9.006 seconds (JVM running for 11.118)
]]></system-out>
  </testcase>
</testsuite>